25-5-2023 16:14:55	UiPath CLI does not exist in this folder. Attempting to download it...
25-5-2023 16:15:26	UiPath CLI is downloaded and extracted in folder C:\Users\SanderBeukema\OneDrive - AB&C Groep\Documenten\UiPath\UiPathTest\scripts\\uipathcli
25-5-2023 16:15:40	-----------------------------------------------------------------------------
25-5-2023 16:15:40	uipcli location :   C:\Users\SanderBeukema\OneDrive - AB&C Groep\Documenten\UiPath\UiPathTest\scripts\uipathcli\lib\net461\uipcli.exe
25-5-2023 16:15:40	Fill the required paramters
25-5-2023 16:15:56	-----------------------------------------------------------------------------
25-5-2023 16:15:56	uipcli location :   C:\Users\SanderBeukema\OneDrive - AB&C Groep\Documenten\UiPath\UiPathTest\scripts\uipathcli\lib\net461\uipcli.exe
25-5-2023 16:15:56	Executing C:\Users\SanderBeukema\OneDrive - AB&C Groep\Documenten\UiPath\UiPathTest\scripts\uipathcli\lib\net461\uipcli.exe package deploy C:\Users\SanderBeukema\Downloads\uipath.github.action.1.0.98729850.nupkg https://to.awf.ai/ NDR_ZiekenhuisGelderseVallei -u sbeukema -p ****************
25-5-2023 16:16:16	Done!
25-5-2023 16:41:44	-----------------------------------------------------------------------------
25-5-2023 16:41:44	uipcli location :   C:\Users\SanderBeukema\OneDrive - AB&C Groep\Documenten\UiPath\UiPathTest\scripts\uipathcli\lib\net461\uipcli.exe
25-5-2023 16:41:44	Executing C:\Users\SanderBeukema\OneDrive - AB&C Groep\Documenten\UiPath\UiPathTest\scripts\uipathcli\lib\net461\uipcli.exe package deploy C:\Users\SanderBeukema\Downloads\uipath.github.action.1.0.98729850.nupkg https://to.awf.ai/ NDR_ZiekenhuisGelderseVallei -u sbeukema -p ****************
25-5-2023 16:41:58	Unable to deploy project. Exit code 1
25-5-2023 16:48:38	Test2
25-5-2023 16:48:38	-----------------------------------------------------------------------------
25-5-2023 16:48:38	uipcli location :   C:\Users\SanderBeukema\OneDrive - AB&C Groep\Documenten\UiPath\UiPathTest\scripts\uipathcli\lib\net461\uipcli.exe
25-5-2023 16:48:38	Executing C:\Users\SanderBeukema\OneDrive - AB&C Groep\Documenten\UiPath\UiPathTest\scripts\uipathcli\lib\net461\uipcli.exe package deploy C:\Users\SanderBeukema\Downloads\uipath.github.action.1.0.98729850.nupkg https://to.awf.ai/ NDR_ZiekenhuisGelderseVallei -u sbeukema -p ****************
25-5-2023 16:48:51	Unable to deploy project. Exit code 1
25-5-2023 16:48:57	Test2
25-5-2023 16:48:57	-----------------------------------------------------------------------------
25-5-2023 16:48:57	uipcli location :   C:\Users\SanderBeukema\OneDrive - AB&C Groep\Documenten\UiPath\UiPathTest\scripts\uipathcli\lib\net461\uipcli.exe
25-5-2023 16:48:57	Executing C:\Users\SanderBeukema\OneDrive - AB&C Groep\Documenten\UiPath\UiPathTest\scripts\uipathcli\lib\net461\uipcli.exe package deploy C:\Users\SanderBeukema\Downloads\uipath.github.action.1.0.98729850.nupkg https://to.awf.ai/ NDR_ZiekenhuisGelderseVallei -u sbeukema -p ****************
25-5-2023 16:49:09	Unable to deploy project. Exit code 1
25-5-2023 17:01:41	-----------------------------------------------------------------------------
25-5-2023 17:01:41	uipcli location :   C:\Users\SanderBeukema\OneDrive - AB&C Groep\Documenten\UiPath\UiPathTest\scripts\uipathcli\lib\net461\uipcli.exe
25-5-2023 17:01:41	Executing C:\Users\SanderBeukema\OneDrive - AB&C Groep\Documenten\UiPath\UiPathTest\scripts\uipathcli\lib\net461\uipcli.exe package deploy C:\Users\SanderBeukema\Downloads\uipath.github.action.1.0.98729850.nupkg https://to.awf.ai/ NDR_ZiekenhuisGelderseVallei -u sbeukema -p ****************
25-5-2023 17:01:57	Unable to deploy project. Exit code 1
25-5-2023 17:02:33	-----------------------------------------------------------------------------
25-5-2023 17:02:33	uipcli location :   C:\Users\SanderBeukema\OneDrive - AB&C Groep\Documenten\UiPath\UiPathTest\scripts\uipathcli\lib\net461\uipcli.exe
25-5-2023 17:02:33	Executing C:\Users\SanderBeukema\OneDrive - AB&C Groep\Documenten\UiPath\UiPathTest\scripts\uipathcli\lib\net461\uipcli.exe 
25-5-2023 17:02:46	Unable to deploy project. Exit code 1
25-5-2023 17:07:28	-----------------------------------------------------------------------------
25-5-2023 17:07:28	uipcli location :   C:\Users\SanderBeukema\OneDrive - AB&C Groep\Documenten\UiPath\UiPathTest\scripts\uipathcli\lib\net461\uipcli.exe
25-5-2023 17:07:28	Executing C:\Users\SanderBeukema\OneDrive - AB&C Groep\Documenten\UiPath\UiPathTest\scripts\uipathcli\lib\net461\uipcli.exe package deploy C:\Users\SanderBeukema\Downloads\uipath.github.action.1.0.98729850.nupkg https://to.awf.ai/ NDR_ZiekenhuisGelderseVallei -u sbeukema -p ****************
25-5-2023 17:07:28	Executing C:\Users\SanderBeukema\OneDrive - AB&C Groep\Documenten\UiPath\UiPathTest\scripts\uipathcli\lib\net461\uipcli.exe package deploy C:\Users\SanderBeukema\Downloads\uipath.github.action.1.0.98729850.nupkg https://to.awf.ai/ NDR_ZiekenhuisGelderseVallei -u sbeukema -p uEFNVv*7o3&fYhYi.ToArray()
25-5-2023 17:07:44	Unable to deploy project. Exit code 1
25-5-2023 17:07:52	-----------------------------------------------------------------------------
25-5-2023 17:07:52	uipcli location :   C:\Users\SanderBeukema\OneDrive - AB&C Groep\Documenten\UiPath\UiPathTest\scripts\uipathcli\lib\net461\uipcli.exe
25-5-2023 17:07:52	Executing C:\Users\SanderBeukema\OneDrive - AB&C Groep\Documenten\UiPath\UiPathTest\scripts\uipathcli\lib\net461\uipcli.exe package deploy C:\Users\SanderBeukema\Downloads\uipath.github.action.1.0.98729850.nupkg https://to.awf.ai/ NDR_ZiekenhuisGelderseVallei -u sbeukema -p ****************
25-5-2023 17:07:52	Executing zonder mask C:\Users\SanderBeukema\OneDrive - AB&C Groep\Documenten\UiPath\UiPathTest\scripts\uipathcli\lib\net461\uipcli.exe package deploy C:\Users\SanderBeukema\Downloads\uipath.github.action.1.0.98729850.nupkg https://to.awf.ai/ NDR_ZiekenhuisGelderseVallei -u sbeukema -p uEFNVv*7o3&fYhYi
25-5-2023 17:08:05	Unable to deploy project. Exit code 1
